<?xml version="1.0" encoding="UTF-8"?>
<!-- Generated by org.testng.reporters.JUnitXMLReporter -->
<testsuite ignored="0" hostname="DESKTOP-24BD3SI" failures="0" tests="3" name="Test-1" time="64.934" errors="0" timestamp="2025-01-20T18:31:22 IST">
  <testcase classname="com.comcast.crm.contacttest.CreateContatTestWithBaseClass" name="createContactTest" time="15.255"/>
  <testcase classname="com.comcast.crm.contacttest.CreateContatTestWithBaseClass" name="createContactWithOrgTest" time="19.278"/>
  <testcase classname="com.comcast.crm.contacttest.CreateContatTestWithBaseClass" name="createContactWithSupportDateTest" time="9.495"/>
</testsuite> <!-- Test-1 -->
