<?xml version="1.0" encoding="UTF-8"?>
<!-- Generated by org.testng.reporters.JUnitXMLReporter -->
<testsuite ignored="0" hostname="DESKTOP-24BD3SI" failures="0" tests="1" name="Test-2" time="26.766" errors="0" timestamp="2025-01-20T18:30:43 IST">
  <testcase classname="com.comcast.crm.orgtest.CreateOrganizationTest2" name="createOrganization" time="26.696"/>
</testsuite> <!-- Test-2 -->
