<?xml version="1.0" encoding="UTF-8"?>
<!-- Generated by org.testng.reporters.JUnitReportReporter -->
<testsuite hostname="DESKTOP-24BD3SI" failures="0" tests="3" name="com.practice.test.GetProductInfoTest" time="31.669" errors="0" timestamp="2025-01-20T14:14:06 IST" skipped="0">
  <testcase classname="com.practice.test.GetProductInfoTest" name="getProductInfoTest" time="9.993"/>
  <testcase classname="com.practice.test.GetProductInfoTest" name="getProductInfoTest" time="11.191"/>
  <testcase classname="com.practice.test.GetProductInfoTest" name="getProductInfoTest" time="10.485"/>
</testsuite> <!-- com.practice.test.GetProductInfoTest -->
