<?xml version="1.0" encoding="UTF-8"?>
<!-- Generated by org.testng.reporters.JUnitReportReporter -->
<testsuite hostname="DESKTOP-24BD3SI" failures="0" tests="1" name="com.comcast.crm.orgtest.CreateOrganizationTest3" time="12.669" errors="0" timestamp="2025-01-20T15:58:26 IST" skipped="0">
  <testcase classname="com.comcast.crm.orgtest.CreateOrganizationTest3" name="createContactTest" time="12.669"/>
</testsuite> <!-- com.comcast.crm.orgtest.CreateOrganizationTest3 -->
