<?xml version="1.0" encoding="UTF-8"?>
<!-- Generated by org.testng.reporters.JUnitReportReporter -->
<testsuite hostname="DESKTOP-24BD3SI" failures="0" tests="2" name="com.comcast.crm.orgtest.CreateOrganizationTest2" time="81.992" errors="0" timestamp="2025-01-21T12:42:50 IST" skipped="0">
  <testcase classname="com.comcast.crm.orgtest.CreateOrganizationTest2" name="createOrganization" time="40.343"/>
  <testcase classname="com.comcast.crm.orgtest.CreateOrganizationTest2" name="createOrganization" time="41.649"/>
</testsuite> <!-- com.comcast.crm.orgtest.CreateOrganizationTest2 -->
