<?xml version="1.0" encoding="UTF-8"?>
<!-- Generated by org.testng.reporters.JUnitReportReporter -->
<testsuite hostname="DESKTOP-24BD3SI" failures="0" tests="1" name="com.practice.test.RetryTest" time="0.016" errors="0" timestamp="2025-01-22T13:37:08 IST" skipped="0">
  <testcase classname="com.practice.test.RetryTest" name="activateSim" time="0.016"/>
  <system-out/>
</testsuite> <!-- com.practice.test.RetryTest -->
