<?xml version="1.0" encoding="UTF-8"?>
<!-- Generated by org.testng.reporters.JUnitReportReporter -->
<testsuite hostname="DESKTOP-24BD3SI" failures="0" tests="6" name="com.comcast.crm.contacttest.CreateContatTestWithBaseClass" time="325.883" errors="0" timestamp="2025-01-21T12:42:50 IST" skipped="0">
  <testcase classname="com.comcast.crm.contacttest.CreateContatTestWithBaseClass" name="createContactWithOrgTest" time="59.931"/>
  <testcase classname="com.comcast.crm.contacttest.CreateContatTestWithBaseClass" name="createContactWithOrgTest" time="51.409"/>
  <testcase classname="com.comcast.crm.contacttest.CreateContatTestWithBaseClass" name="createContactTest" time="70.373"/>
  <testcase classname="com.comcast.crm.contacttest.CreateContatTestWithBaseClass" name="createContactTest" time="57.814"/>
  <testcase classname="com.comcast.crm.contacttest.CreateContatTestWithBaseClass" name="createContactWithSupportDateTest" time="55.836"/>
  <testcase classname="com.comcast.crm.contacttest.CreateContatTestWithBaseClass" name="createContactWithSupportDateTest" time="30.520"/>
</testsuite> <!-- com.comcast.crm.contacttest.CreateContatTestWithBaseClass -->
